# JRE version: OpenJDK Runtime Environment (11.0.12+7) (build 11.0.12+7-b1504.28-7817840)
# Java VM: OpenJDK 64-Bit Server VM (11.0.12+7-b1504.28-7817840, mixed mode, tiered, compressed oops, g1 gc, windows-amd64)
Heap:
 garbage-first heap   total 367616K, used 241876K [0x0000000080000000, 0x0000000100000000)
  region size 1024K, 41 young (41984K), 3 survivors (3072K)
 Metaspace       used 127513K, capacity 131032K, committed 131328K, reserved 1163264K
  class space    used 15927K, capacity 17281K, committed 17408K, reserved 1048576K
GC Heap History (20 events):
Event: 105.875 GC heap before
{Heap before GC invocations=85 (full 0):
 garbage-first heap   total 243712K, used 206637K [0x0000000080000000, 0x0000000100000000)
  region size 1024K, 66 young (67584K), 4 survivors (4096K)
 Metaspace       used 115384K, capacity 118457K, committed 118784K, reserved 1153024K
  class space    used 14332K, capacity 15498K, committed 15616K, reserved 1048576K
}
Event: 105.881 GC heap after
{Heap after GC invocations=86 (full 0):
 garbage-first heap   total 243712K, used 141312K [0x0000000080000000, 0x0000000100000000)
  region size 1024K, 3 young (3072K), 3 survivors (3072K)
 Metaspace       used 115384K, capacity 118457K, committed 118784K, reserved 1153024K
  class space    used 14332K, capacity 15498K, committed 15616K, reserved 1048576K
}
Event: 106.360 GC heap before
{Heap before GC invocations=86 (full 0):
 garbage-first heap   total 243712K, used 205824K [0x0000000080000000, 0x0000000100000000)
  region size 1024K, 67 young (68608K), 3 survivors (3072K)
 Metaspace       used 116220K, capacity 119301K, committed 119552K, reserved 1153024K
  class space    used 14438K, capacity 15607K, committed 15616K, reserved 1048576K
}
Event: 106.377 GC heap after
{Heap after GC invocations=87 (full 0):
 garbage-first heap   total 243712K, used 154654K [0x0000000080000000, 0x0000000100000000)
  region size 1024K, 9 young (9216K), 9 survivors (9216K)
 Metaspace       used 116220K, capacity 119301K, committed 119552K, reserved 1153024K
  class space    used 14438K, capacity 15607K, committed 15616K, reserved 1048576K
}
Event: 107.141 GC heap before
{Heap before GC invocations=87 (full 0):
 garbage-first heap   total 243712K, used 201758K [0x0000000080000000, 0x0000000100000000)
  region size 1024K, 56 young (57344K), 9 survivors (9216K)
 Metaspace       used 119052K, capacity 122202K, committed 122240K, reserved 1155072K
  class space    used 14786K, capacity 15964K, committed 16000K, reserved 1048576K
}
Event: 107.155 GC heap after
{Heap after GC invocations=88 (full 0):
 garbage-first heap   total 243712K, used 157841K [0x0000000080000000, 0x0000000100000000)
  region size 1024K, 7 young (7168K), 7 survivors (7168K)
 Metaspace       used 119052K, capacity 122202K, committed 122240K, reserved 1155072K
  class space    used 14786K, capacity 15964K, committed 16000K, reserved 1048576K
}
Event: 107.622 GC heap before
{Heap before GC invocations=88 (full 0):
 garbage-first heap   total 243712K, used 201873K [0x0000000080000000, 0x0000000100000000)
  region size 1024K, 51 young (52224K), 7 survivors (7168K)
 Metaspace       used 119859K, capacity 123084K, committed 123136K, reserved 1157120K
  class space    used 14887K, capacity 16083K, committed 16128K, reserved 1048576K
}
Event: 107.648 GC heap after
{Heap after GC invocations=89 (full 0):
 garbage-first heap   total 243712K, used 165267K [0x0000000080000000, 0x0000000100000000)
  region size 1024K, 7 young (7168K), 7 survivors (7168K)
 Metaspace       used 119859K, capacity 123084K, committed 123136K, reserved 1157120K
  class space    used 14887K, capacity 16083K, committed 16128K, reserved 1048576K
}
Event: 108.092 GC heap before
{Heap before GC invocations=89 (full 0):
 garbage-first heap   total 243712K, used 203155K [0x0000000080000000, 0x0000000100000000)
  region size 1024K, 44 young (45056K), 7 survivors (7168K)
 Metaspace       used 121445K, capacity 124661K, committed 124928K, reserved 1157120K
  class space    used 15104K, capacity 16309K, committed 16384K, reserved 1048576K
}
Event: 108.117 GC heap after
{Heap after GC invocations=90 (full 0):
 garbage-first heap   total 243712K, used 172659K [0x0000000080000000, 0x0000000100000000)
  region size 1024K, 6 young (6144K), 6 survivors (6144K)
 Metaspace       used 121445K, capacity 124661K, committed 124928K, reserved 1157120K
  class space    used 15104K, capacity 16309K, committed 16384K, reserved 1048576K
}
Event: 108.444 GC heap before
{Heap before GC invocations=90 (full 0):
 garbage-first heap   total 243712K, used 204403K [0x0000000080000000, 0x0000000100000000)
  region size 1024K, 37 young (37888K), 6 survivors (6144K)
 Metaspace       used 122319K, capacity 125638K, committed 125824K, reserved 1159168K
  class space    used 15215K, capacity 16476K, committed 16512K, reserved 1048576K
}
Event: 108.473 GC heap after
{Heap after GC invocations=91 (full 0):
 garbage-first heap   total 292864K, used 178176K [0x0000000080000000, 0x0000000100000000)
  region size 1024K, 5 young (5120K), 5 survivors (5120K)
 Metaspace       used 122319K, capacity 125638K, committed 125824K, reserved 1159168K
  class space    used 15215K, capacity 16476K, committed 16512K, reserved 1048576K
}
Event: 108.746 GC heap before
{Heap before GC invocations=91 (full 0):
 garbage-first heap   total 292864K, used 224255K [0x0000000080000000, 0x0000000100000000)
  region size 1024K, 51 young (52224K), 5 survivors (5120K)
 Metaspace       used 122336K, capacity 125642K, committed 125824K, reserved 1159168K
  class space    used 15215K, capacity 16476K, committed 16512K, reserved 1048576K
}
Event: 108.769 GC heap after
{Heap after GC invocations=92 (full 0):
 garbage-first heap   total 292864K, used 187332K [0x0000000080000000, 0x0000000100000000)
  region size 1024K, 7 young (7168K), 7 survivors (7168K)
 Metaspace       used 122336K, capacity 125642K, committed 125824K, reserved 1159168K
  class space    used 15215K, capacity 16476K, committed 16512K, reserved 1048576K
}
Event: 109.022 GC heap before
{Heap before GC invocations=92 (full 0):
 garbage-first heap   total 292864K, used 232388K [0x0000000080000000, 0x0000000100000000)
  region size 1024K, 51 young (52224K), 7 survivors (7168K)
 Metaspace       used 123256K, capacity 126584K, committed 126848K, reserved 1159168K
  class space    used 15372K, capacity 16661K, committed 16768K, reserved 1048576K
}
Event: 109.046 GC heap after
{Heap after GC invocations=93 (full 0):
 garbage-first heap   total 292864K, used 195203K [0x0000000080000000, 0x0000000100000000)
  region size 1024K, 7 young (7168K), 7 survivors (7168K)
 Metaspace       used 123256K, capacity 126584K, committed 126848K, reserved 1159168K
  class space    used 15372K, capacity 16661K, committed 16768K, reserved 1048576K
}
Event: 109.672 GC heap before
{Heap before GC invocations=93 (full 0):
 garbage-first heap   total 292864K, used 237187K [0x0000000080000000, 0x0000000100000000)
  region size 1024K, 48 young (49152K), 7 survivors (7168K)
 Metaspace       used 125914K, capacity 129420K, committed 129664K, reserved 1161216K
  class space    used 15809K, capacity 17165K, committed 17280K, reserved 1048576K
}
Event: 109.694 GC heap after
{Heap after GC invocations=94 (full 0):
 garbage-first heap   total 292864K, used 201407K [0x0000000080000000, 0x0000000100000000)
  region size 1024K, 6 young (6144K), 6 survivors (6144K)
 Metaspace       used 125914K, capacity 129420K, committed 129664K, reserved 1161216K
  class space    used 15809K, capacity 17165K, committed 17280K, reserved 1048576K
}
Event: 110.379 GC heap before
{Heap before GC invocations=94 (full 0):
 garbage-first heap   total 292864K, used 241343K [0x0000000080000000, 0x0000000100000000)
  region size 1024K, 46 young (47104K), 6 survivors (6144K)
 Metaspace       used 126816K, capacity 130323K, committed 130432K, reserved 1163264K
  class space    used 15877K, capacity 17241K, committed 17280K, reserved 1048576K
}
Event: 110.401 GC heap after
{Heap after GC invocations=95 (full 0):
 garbage-first heap   total 367616K, used 203988K [0x0000000080000000, 0x0000000100000000)
  region size 1024K, 3 young (3072K), 3 survivors (3072K)
 Metaspace       used 126816K, capacity 130323K, committed 130432K, reserved 1163264K
  class space    used 15877K, capacity 17241K, committed 17280K, reserved 1048576K
}

