# JRE version: OpenJDK Runtime Environment (11.0.12+7) (build 11.0.12+7-b1504.28-7817840)
# Java VM: OpenJDK 64-Bit Server VM (11.0.12+7-b1504.28-7817840, mixed mode, tiered, compressed oops, g1 gc, windows-amd64)
Heap:
 garbage-first heap   total 475136K, used 173368K [0x0000000080000000, 0x0000000100000000)
  region size 1024K, 13 young (13312K), 13 survivors (13312K)
 Metaspace       used 112544K, capacity 115357K, committed 115532K, reserved 1148928K
  class space    used 14120K, capacity 15184K, committed 15232K, reserved 1048576K
GC Heap History (20 events):
Event: 39.550 GC heap after
{Heap after GC invocations=55 (full 0):
 garbage-first heap   total 406528K, used 161084K [0x0000000080000000, 0x0000000100000000)
  region size 1024K, 7 young (7168K), 7 survivors (7168K)
 Metaspace       used 111427K, capacity 114151K, committed 114380K, reserved 1148928K
  class space    used 14048K, capacity 15073K, committed 15104K, reserved 1048576K
}
Event: 40.975 GC heap before
{Heap before GC invocations=55 (full 0):
 garbage-first heap   total 406528K, used 326972K [0x0000000080000000, 0x0000000100000000)
  region size 1024K, 169 young (173056K), 7 survivors (7168K)
 Metaspace       used 111902K, capacity 114585K, committed 114636K, reserved 1148928K
  class space    used 14052K, capacity 15082K, committed 15104K, reserved 1048576K
}
Event: 40.991 GC heap after
{Heap after GC invocations=56 (full 0):
 garbage-first heap   total 406528K, used 162311K [0x0000000080000000, 0x0000000100000000)
  region size 1024K, 8 young (8192K), 8 survivors (8192K)
 Metaspace       used 111902K, capacity 114585K, committed 114636K, reserved 1148928K
  class space    used 14052K, capacity 15082K, committed 15104K, reserved 1048576K
}
Event: 41.736 GC heap before
{Heap before GC invocations=56 (full 0):
 garbage-first heap   total 406528K, used 329223K [0x0000000080000000, 0x0000000100000000)
  region size 1024K, 171 young (175104K), 8 survivors (8192K)
 Metaspace       used 112013K, capacity 114667K, committed 114892K, reserved 1148928K
  class space    used 14062K, capacity 15087K, committed 15104K, reserved 1048576K
}
Event: 41.753 GC heap after
{Heap after GC invocations=57 (full 0):
 garbage-first heap   total 406528K, used 163702K [0x0000000080000000, 0x0000000100000000)
  region size 1024K, 10 young (10240K), 10 survivors (10240K)
 Metaspace       used 112013K, capacity 114667K, committed 114892K, reserved 1148928K
  class space    used 14062K, capacity 15087K, committed 15104K, reserved 1048576K
}
Event: 42.626 GC heap before
{Heap before GC invocations=57 (full 0):
 garbage-first heap   total 406528K, used 331638K [0x0000000080000000, 0x0000000100000000)
  region size 1024K, 174 young (178176K), 10 survivors (10240K)
 Metaspace       used 112094K, capacity 114851K, committed 115020K, reserved 1148928K
  class space    used 14070K, capacity 15127K, committed 15232K, reserved 1048576K
}
Event: 42.649 GC heap after
{Heap after GC invocations=58 (full 0):
 garbage-first heap   total 406528K, used 165201K [0x0000000080000000, 0x0000000100000000)
  region size 1024K, 11 young (11264K), 11 survivors (11264K)
 Metaspace       used 112094K, capacity 114851K, committed 115020K, reserved 1148928K
  class space    used 14070K, capacity 15127K, committed 15232K, reserved 1048576K
}
Event: 43.226 GC heap before
{Heap before GC invocations=58 (full 0):
 garbage-first heap   total 406528K, used 336209K [0x0000000080000000, 0x0000000100000000)
  region size 1024K, 178 young (182272K), 11 survivors (11264K)
 Metaspace       used 112178K, capacity 114922K, committed 115276K, reserved 1148928K
  class space    used 14083K, capacity 15127K, committed 15232K, reserved 1048576K
}
Event: 43.250 GC heap after
{Heap after GC invocations=59 (full 0):
 garbage-first heap   total 406528K, used 166901K [0x0000000080000000, 0x0000000100000000)
  region size 1024K, 13 young (13312K), 13 survivors (13312K)
 Metaspace       used 112178K, capacity 114922K, committed 115276K, reserved 1148928K
  class space    used 14083K, capacity 15127K, committed 15232K, reserved 1048576K
}
Event: 43.946 GC heap before
{Heap before GC invocations=59 (full 0):
 garbage-first heap   total 406528K, used 337909K [0x0000000080000000, 0x0000000100000000)
  region size 1024K, 181 young (185344K), 13 survivors (13312K)
 Metaspace       used 112234K, capacity 115013K, committed 115276K, reserved 1148928K
  class space    used 14088K, capacity 15135K, committed 15232K, reserved 1048576K
}
Event: 43.971 GC heap after
{Heap after GC invocations=60 (full 0):
 garbage-first heap   total 406528K, used 168455K [0x0000000080000000, 0x0000000100000000)
  region size 1024K, 14 young (14336K), 14 survivors (14336K)
 Metaspace       used 112234K, capacity 115013K, committed 115276K, reserved 1148928K
  class space    used 14088K, capacity 15135K, committed 15232K, reserved 1048576K
}
Event: 44.549 GC heap before
{Heap before GC invocations=60 (full 0):
 garbage-first heap   total 406528K, used 346631K [0x0000000080000000, 0x0000000100000000)
  region size 1024K, 188 young (192512K), 14 survivors (14336K)
 Metaspace       used 112258K, capacity 115025K, committed 115276K, reserved 1148928K
  class space    used 14092K, capacity 15138K, committed 15232K, reserved 1048576K
}
Event: 44.593 GC heap after
{Heap after GC invocations=61 (full 0):
 garbage-first heap   total 406528K, used 170039K [0x0000000080000000, 0x0000000100000000)
  region size 1024K, 11 young (11264K), 11 survivors (11264K)
 Metaspace       used 112258K, capacity 115025K, committed 115276K, reserved 1148928K
  class space    used 14092K, capacity 15138K, committed 15232K, reserved 1048576K
}
Event: 45.140 GC heap before
{Heap before GC invocations=61 (full 0):
 garbage-first heap   total 406528K, used 349239K [0x0000000080000000, 0x0000000100000000)
  region size 1024K, 186 young (190464K), 11 survivors (11264K)
 Metaspace       used 112275K, capacity 115033K, committed 115276K, reserved 1148928K
  class space    used 14094K, capacity 15141K, committed 15232K, reserved 1048576K
}
Event: 45.160 GC heap after
{Heap after GC invocations=62 (full 0):
 garbage-first heap   total 406528K, used 170551K [0x0000000080000000, 0x0000000100000000)
  region size 1024K, 12 young (12288K), 12 survivors (12288K)
 Metaspace       used 112275K, capacity 115033K, committed 115276K, reserved 1148928K
  class space    used 14094K, capacity 15141K, committed 15232K, reserved 1048576K
}
Event: 45.718 GC heap before
{Heap before GC invocations=62 (full 0):
 garbage-first heap   total 406528K, used 350775K [0x0000000080000000, 0x0000000100000000)
  region size 1024K, 188 young (192512K), 12 survivors (12288K)
 Metaspace       used 112289K, capacity 115034K, committed 115276K, reserved 1148928K
  class space    used 14094K, capacity 15141K, committed 15232K, reserved 1048576K
}
Event: 45.743 GC heap after
{Heap after GC invocations=63 (full 0):
 garbage-first heap   total 406528K, used 172087K [0x0000000080000000, 0x0000000100000000)
  region size 1024K, 13 young (13312K), 13 survivors (13312K)
 Metaspace       used 112289K, capacity 115034K, committed 115276K, reserved 1148928K
  class space    used 14094K, capacity 15141K, committed 15232K, reserved 1048576K
}
Event: 46.306 GC heap before
{Heap before GC invocations=63 (full 0):
 garbage-first heap   total 406528K, used 351287K [0x0000000080000000, 0x0000000100000000)
  region size 1024K, 188 young (192512K), 13 survivors (13312K)
 Metaspace       used 112508K, capacity 115291K, committed 115532K, reserved 1148928K
  class space    used 14120K, capacity 15183K, committed 15232K, reserved 1048576K
}
Event: 46.334 GC heap after
{Heap after GC invocations=64 (full 0):
 garbage-first heap   total 406528K, used 172344K [0x0000000080000000, 0x0000000100000000)
  region size 1024K, 12 young (12288K), 12 survivors (12288K)
 Metaspace       used 112508K, capacity 115291K, committed 115532K, reserved 1148928K
  class space    used 14120K, capacity 15183K, committed 15232K, reserved 1048576K
}
Event: 46.892 GC heap before
{Heap before GC invocations=64 (full 0):
 garbage-first heap   total 406528K, used 352568K [0x0000000080000000, 0x0000000100000000)
  region size 1024K, 188 young (192512K), 12 survivors (12288K)
 Metaspace       used 112544K, capacity 115357K, committed 115532K, reserved 1148928K
  class space    used 14120K, capacity 15184K, committed 15232K, reserved 1048576K
}

